-------------------------------------------------------------------------------
Test set: Test
-------------------------------------------------------------------------------
Tests run: 1, Failures: 1, Errors: 0, Skipped: 0, Time elapsed: 0.002 s <<< FAILURE! - in Test
testAdd(Test)  Time elapsed: 0 s  <<< FAILURE!
junit.framework.AssertionFailedError: expected:<48> but was:<47>
	at Test.testAdd(Test.java:12)

